Jul 18 2024 03:41:23
{"type":2,"message":"fopen(\/home\/matcwhyg\/public_html\/wp-content\/cache\/object\/165\/7af\/1657af88bcb147b4f9f531006f879db2.php): Failed to open stream: No such file or directory","file":"\/home\/matcwhyg\/public_html\/wp-content\/plugins\/w3-total-cache\/Cache_File.php","line":461}

Jul 18 2024 04:04:37
{"Number":2,"Message":"rmdir(\/home\/matcwhyg\/public_html\/wp-content\/cache\/object\/ba1\/63a): No such file or directory","File":"\/home\/matcwhyg\/public_html\/wp-content\/plugins\/w3-total-cache\/Util_File.php","Line":159}

Jul 18 2024 04:04:37
{"Number":2,"Message":"rmdir(\/home\/matcwhyg\/public_html\/wp-content\/cache\/object\/ba1): No such file or directory","File":"\/home\/matcwhyg\/public_html\/wp-content\/plugins\/w3-total-cache\/Util_File.php","Line":159}

Jul 18 2024 04:04:37
{"Number":2,"Message":"unlink(\/home\/matcwhyg\/public_html\/wp-content\/cache\/object\/b2d): No such file or directory","File":"\/home\/matcwhyg\/public_html\/wp-content\/plugins\/w3-total-cache\/Util_File.php","Line":152}

Jul 18 2024 04:04:37
{"Number":2,"Message":"unlink(\/home\/matcwhyg\/public_html\/wp-content\/cache\/object\/26a): No such file or directory","File":"\/home\/matcwhyg\/public_html\/wp-content\/plugins\/w3-total-cache\/Util_File.php","Line":152}

Jul 18 2024 04:04:37
{"Number":2,"Message":"unlink(\/home\/matcwhyg\/public_html\/wp-content\/cache\/object\/7e5): No such file or directory","File":"\/home\/matcwhyg\/public_html\/wp-content\/plugins\/w3-total-cache\/Util_File.php","Line":152}

Jul 18 2024 04:04:37
{"Number":2,"Message":"unlink(\/home\/matcwhyg\/public_html\/wp-content\/cache\/object\/f95): No such file or directory","File":"\/home\/matcwhyg\/public_html\/wp-content\/plugins\/w3-total-cache\/Util_File.php","Line":152}

Jul 18 2024 04:04:37
{"Number":2,"Message":"unlink(\/home\/matcwhyg\/public_html\/wp-content\/cache\/object\/4e8): No such file or directory","File":"\/home\/matcwhyg\/public_html\/wp-content\/plugins\/w3-total-cache\/Util_File.php","Line":152}

Jul 18 2024 04:04:37
{"Number":2,"Message":"unlink(\/home\/matcwhyg\/public_html\/wp-content\/cache\/object\/40f): No such file or directory","File":"\/home\/matcwhyg\/public_html\/wp-content\/plugins\/w3-total-cache\/Util_File.php","Line":152}

Jul 18 2024 04:04:37
{"Number":2,"Message":"unlink(\/home\/matcwhyg\/public_html\/wp-content\/cache\/object\/8e9): No such file or directory","File":"\/home\/matcwhyg\/public_html\/wp-content\/plugins\/w3-total-cache\/Util_File.php","Line":152}

Jul 18 2024 04:04:37
{"Number":2,"Message":"unlink(\/home\/matcwhyg\/public_html\/wp-content\/cache\/object\/526): No such file or directory","File":"\/home\/matcwhyg\/public_html\/wp-content\/plugins\/w3-total-cache\/Util_File.php","Line":152}

Jul 18 2024 04:04:37
{"Number":2,"Message":"unlink(\/home\/matcwhyg\/public_html\/wp-content\/cache\/object\/c80): No such file or directory","File":"\/home\/matcwhyg\/public_html\/wp-content\/plugins\/w3-total-cache\/Util_File.php","Line":152}

Jul 18 2024 04:04:37
{"Number":2,"Message":"unlink(\/home\/matcwhyg\/public_html\/wp-content\/cache\/object\/303): No such file or directory","File":"\/home\/matcwhyg\/public_html\/wp-content\/plugins\/w3-total-cache\/Util_File.php","Line":152}

Jul 18 2024 04:04:37
{"Number":2,"Message":"unlink(\/home\/matcwhyg\/public_html\/wp-content\/cache\/object\/457): No such file or directory","File":"\/home\/matcwhyg\/public_html\/wp-content\/plugins\/w3-total-cache\/Util_File.php","Line":152}

Jul 18 2024 04:04:37
{"Number":2,"Message":"unlink(\/home\/matcwhyg\/public_html\/wp-content\/cache\/object\/27a): No such file or directory","File":"\/home\/matcwhyg\/public_html\/wp-content\/plugins\/w3-total-cache\/Util_File.php","Line":152}

Jul 18 2024 04:04:37
{"Number":2,"Message":"unlink(\/home\/matcwhyg\/public_html\/wp-content\/cache\/object\/a43): No such file or directory","File":"\/home\/matcwhyg\/public_html\/wp-content\/plugins\/w3-total-cache\/Util_File.php","Line":152}

Jul 18 2024 04:04:38
{"Number":2,"Message":"unlink(\/home\/matcwhyg\/public_html\/wp-content\/cache\/object\/e48): No such file or directory","File":"\/home\/matcwhyg\/public_html\/wp-content\/plugins\/w3-total-cache\/Util_File.php","Line":152}

Jul 18 2024 04:04:38
{"Number":2,"Message":"unlink(\/home\/matcwhyg\/public_html\/wp-content\/cache\/object\/269): No such file or directory","File":"\/home\/matcwhyg\/public_html\/wp-content\/plugins\/w3-total-cache\/Util_File.php","Line":152}

Jul 18 2024 04:04:38
{"Number":2,"Message":"unlink(\/home\/matcwhyg\/public_html\/wp-content\/cache\/object\/1f0): No such file or directory","File":"\/home\/matcwhyg\/public_html\/wp-content\/plugins\/w3-total-cache\/Util_File.php","Line":152}

Jul 18 2024 04:04:38
{"Number":2,"Message":"unlink(\/home\/matcwhyg\/public_html\/wp-content\/cache\/object\/c93): No such file or directory","File":"\/home\/matcwhyg\/public_html\/wp-content\/plugins\/w3-total-cache\/Util_File.php","Line":152}

Jul 18 2024 04:04:38
{"Number":2,"Message":"unlink(\/home\/matcwhyg\/public_html\/wp-content\/cache\/object\/08b): No such file or directory","File":"\/home\/matcwhyg\/public_html\/wp-content\/plugins\/w3-total-cache\/Util_File.php","Line":152}

Jul 18 2024 04:04:38
{"Number":2,"Message":"unlink(\/home\/matcwhyg\/public_html\/wp-content\/cache\/object\/ac9): No such file or directory","File":"\/home\/matcwhyg\/public_html\/wp-content\/plugins\/w3-total-cache\/Util_File.php","Line":152}

Jul 18 2024 04:04:38
{"Number":2,"Message":"unlink(\/home\/matcwhyg\/public_html\/wp-content\/cache\/object\/b6d): No such file or directory","File":"\/home\/matcwhyg\/public_html\/wp-content\/plugins\/w3-total-cache\/Util_File.php","Line":152}

Jul 18 2024 04:04:38
{"Number":2,"Message":"unlink(\/home\/matcwhyg\/public_html\/wp-content\/cache\/object\/8ee): No such file or directory","File":"\/home\/matcwhyg\/public_html\/wp-content\/plugins\/w3-total-cache\/Util_File.php","Line":152}

Jul 18 2024 04:04:39
{"type":2,"message":"fopen(\/home\/matcwhyg\/public_html\/wp-content\/cache\/object\/165\/7af\/1657af88bcb147b4f9f531006f879db2.php): Failed to open stream: No such file or directory","file":"\/home\/matcwhyg\/public_html\/wp-content\/plugins\/w3-total-cache\/Cache_File.php","line":461}

Jul 18 2024 04:04:41
{"type":2,"message":"rmdir(\/home\/matcwhyg\/public_html\/wp-content\/cache\/object\/a8a): Directory not empty","file":"\/home\/matcwhyg\/public_html\/wp-content\/plugins\/w3-total-cache\/Util_File.php","line":159}

Jul 18 2024 04:05:16
{"type":2,"message":"mkdir(): File exists","file":"\/home\/matcwhyg\/public_html\/wp-content\/plugins\/w3-total-cache\/Util_File.php","line":65}

Jul 18 2024 04:05:23
{"type":2,"message":"mkdir(): File exists","file":"\/home\/matcwhyg\/public_html\/wp-content\/plugins\/w3-total-cache\/Util_File.php","line":65}

Jul 18 2024 04:05:24
{"type":2,"message":"rmdir(\/home\/matcwhyg\/public_html\/wp-content\/cache\/object\/f95): No such file or directory","file":"\/home\/matcwhyg\/public_html\/wp-content\/plugins\/w3-total-cache\/Util_File.php","line":159}

Jul 18 2024 04:05:28
{"type":2,"message":"mkdir(): File exists","file":"\/home\/matcwhyg\/public_html\/wp-content\/plugins\/w3-total-cache\/Util_File.php","line":65}

Jul 18 2024 04:05:41
{"type":2,"message":"mkdir(): File exists","file":"\/home\/matcwhyg\/public_html\/wp-content\/plugins\/w3-total-cache\/Util_File.php","line":65}

Jul 18 2024 04:08:19
{"Number":2,"Message":"unlink(\/home\/matcwhyg\/public_html\/wp-content\/cache\/object\/de5): No such file or directory","File":"\/home\/matcwhyg\/public_html\/wp-content\/plugins\/w3-total-cache\/Util_File.php","Line":152}

Jul 18 2024 04:08:19
{"Number":2,"Message":"unlink(\/home\/matcwhyg\/public_html\/wp-content\/cache\/object\/2c5): No such file or directory","File":"\/home\/matcwhyg\/public_html\/wp-content\/plugins\/w3-total-cache\/Util_File.php","Line":152}

Jul 18 2024 04:08:19
{"Number":2,"Message":"unlink(\/home\/matcwhyg\/public_html\/wp-content\/cache\/object\/55a): No such file or directory","File":"\/home\/matcwhyg\/public_html\/wp-content\/plugins\/w3-total-cache\/Util_File.php","Line":152}

Jul 18 2024 04:08:19
{"Number":2,"Message":"unlink(\/home\/matcwhyg\/public_html\/wp-content\/cache\/object\/637): No such file or directory","File":"\/home\/matcwhyg\/public_html\/wp-content\/plugins\/w3-total-cache\/Util_File.php","Line":152}

Jul 18 2024 04:08:19
{"Number":2,"Message":"unlink(\/home\/matcwhyg\/public_html\/wp-content\/cache\/object\/7b5): No such file or directory","File":"\/home\/matcwhyg\/public_html\/wp-content\/plugins\/w3-total-cache\/Util_File.php","Line":152}

Jul 18 2024 04:08:19
{"Number":2,"Message":"unlink(\/home\/matcwhyg\/public_html\/wp-content\/cache\/object\/937): No such file or directory","File":"\/home\/matcwhyg\/public_html\/wp-content\/plugins\/w3-total-cache\/Util_File.php","Line":152}

Jul 18 2024 04:08:19
{"Number":2,"Message":"unlink(\/home\/matcwhyg\/public_html\/wp-content\/cache\/object\/39f): No such file or directory","File":"\/home\/matcwhyg\/public_html\/wp-content\/plugins\/w3-total-cache\/Util_File.php","Line":152}

Jul 18 2024 04:08:19
{"Number":2,"Message":"unlink(\/home\/matcwhyg\/public_html\/wp-content\/cache\/object\/d5e): No such file or directory","File":"\/home\/matcwhyg\/public_html\/wp-content\/plugins\/w3-total-cache\/Util_File.php","Line":152}

Jul 18 2024 04:08:19
{"Number":2,"Message":"unlink(\/home\/matcwhyg\/public_html\/wp-content\/cache\/object\/f4a): No such file or directory","File":"\/home\/matcwhyg\/public_html\/wp-content\/plugins\/w3-total-cache\/Util_File.php","Line":152}

Jul 18 2024 04:08:19
{"Number":2,"Message":"unlink(\/home\/matcwhyg\/public_html\/wp-content\/cache\/object\/977): No such file or directory","File":"\/home\/matcwhyg\/public_html\/wp-content\/plugins\/w3-total-cache\/Util_File.php","Line":152}

Jul 18 2024 04:08:19
{"Number":2,"Message":"unlink(\/home\/matcwhyg\/public_html\/wp-content\/cache\/object\/c76): No such file or directory","File":"\/home\/matcwhyg\/public_html\/wp-content\/plugins\/w3-total-cache\/Util_File.php","Line":152}

Jul 18 2024 04:08:19
{"Number":2,"Message":"unlink(\/home\/matcwhyg\/public_html\/wp-content\/cache\/object\/d28): No such file or directory","File":"\/home\/matcwhyg\/public_html\/wp-content\/plugins\/w3-total-cache\/Util_File.php","Line":152}

Jul 18 2024 04:08:19
{"Number":2,"Message":"unlink(\/home\/matcwhyg\/public_html\/wp-content\/cache\/object\/7aa): No such file or directory","File":"\/home\/matcwhyg\/public_html\/wp-content\/plugins\/w3-total-cache\/Util_File.php","Line":152}

Jul 18 2024 04:08:19
{"Number":2,"Message":"unlink(\/home\/matcwhyg\/public_html\/wp-content\/cache\/object\/57e): No such file or directory","File":"\/home\/matcwhyg\/public_html\/wp-content\/plugins\/w3-total-cache\/Util_File.php","Line":152}

Jul 18 2024 04:08:19
{"Number":2,"Message":"rmdir(\/home\/matcwhyg\/public_html\/wp-content\/cache\/object\/0ac): No such file or directory","File":"\/home\/matcwhyg\/public_html\/wp-content\/plugins\/w3-total-cache\/Util_File.php","Line":159}

Jul 18 2024 04:08:19
{"Number":2,"Message":"rmdir(\/home\/matcwhyg\/public_html\/wp-content\/cache\/object\/6a3): No such file or directory","File":"\/home\/matcwhyg\/public_html\/wp-content\/plugins\/w3-total-cache\/Util_File.php","Line":159}

Jul 18 2024 04:08:19
{"Number":2,"Message":"unlink(\/home\/matcwhyg\/public_html\/wp-content\/cache\/object\/eec): No such file or directory","File":"\/home\/matcwhyg\/public_html\/wp-content\/plugins\/w3-total-cache\/Util_File.php","Line":152}

Jul 18 2024 04:08:19
{"Number":2,"Message":"unlink(\/home\/matcwhyg\/public_html\/wp-content\/cache\/object\/be4): No such file or directory","File":"\/home\/matcwhyg\/public_html\/wp-content\/plugins\/w3-total-cache\/Util_File.php","Line":152}

Jul 18 2024 04:08:19
{"Number":2,"Message":"unlink(\/home\/matcwhyg\/public_html\/wp-content\/cache\/object\/940): No such file or directory","File":"\/home\/matcwhyg\/public_html\/wp-content\/plugins\/w3-total-cache\/Util_File.php","Line":152}

Jul 18 2024 04:08:19
{"Number":2,"Message":"unlink(\/home\/matcwhyg\/public_html\/wp-content\/cache\/object\/f05): No such file or directory","File":"\/home\/matcwhyg\/public_html\/wp-content\/plugins\/w3-total-cache\/Util_File.php","Line":152}

Jul 18 2024 04:08:19
{"Number":2,"Message":"unlink(\/home\/matcwhyg\/public_html\/wp-content\/cache\/object\/fed): No such file or directory","File":"\/home\/matcwhyg\/public_html\/wp-content\/plugins\/w3-total-cache\/Util_File.php","Line":152}

Jul 18 2024 04:08:19
{"Number":2,"Message":"unlink(\/home\/matcwhyg\/public_html\/wp-content\/cache\/object\/b5e): No such file or directory","File":"\/home\/matcwhyg\/public_html\/wp-content\/plugins\/w3-total-cache\/Util_File.php","Line":152}

Jul 18 2024 04:08:19
{"Number":2,"Message":"unlink(\/home\/matcwhyg\/public_html\/wp-content\/cache\/object\/2ee): No such file or directory","File":"\/home\/matcwhyg\/public_html\/wp-content\/plugins\/w3-total-cache\/Util_File.php","Line":152}

Jul 18 2024 04:08:19
{"Number":2,"Message":"unlink(\/home\/matcwhyg\/public_html\/wp-content\/cache\/object\/e62): No such file or directory","File":"\/home\/matcwhyg\/public_html\/wp-content\/plugins\/w3-total-cache\/Util_File.php","Line":152}

Jul 18 2024 04:08:19
{"Number":2,"Message":"unlink(\/home\/matcwhyg\/public_html\/wp-content\/cache\/object\/8e2): No such file or directory","File":"\/home\/matcwhyg\/public_html\/wp-content\/plugins\/w3-total-cache\/Util_File.php","Line":152}

Jul 18 2024 04:08:19
{"Number":2,"Message":"unlink(\/home\/matcwhyg\/public_html\/wp-content\/cache\/object\/af0): No such file or directory","File":"\/home\/matcwhyg\/public_html\/wp-content\/plugins\/w3-total-cache\/Util_File.php","Line":152}

Jul 18 2024 04:08:19
{"Number":2,"Message":"unlink(\/home\/matcwhyg\/public_html\/wp-content\/cache\/object\/43b): No such file or directory","File":"\/home\/matcwhyg\/public_html\/wp-content\/plugins\/w3-total-cache\/Util_File.php","Line":152}

Jul 18 2024 04:08:19
{"Number":2,"Message":"unlink(\/home\/matcwhyg\/public_html\/wp-content\/cache\/object\/24b): No such file or directory","File":"\/home\/matcwhyg\/public_html\/wp-content\/plugins\/w3-total-cache\/Util_File.php","Line":152}

Jul 18 2024 04:08:19
{"Number":2,"Message":"unlink(\/home\/matcwhyg\/public_html\/wp-content\/cache\/object\/5fc\/299\/5fc299874afef822b14596a8f2a8b2af.php): No such file or directory","File":"\/home\/matcwhyg\/public_html\/wp-content\/plugins\/w3-total-cache\/Util_File.php","Line":152}

Jul 18 2024 04:08:20
{"Number":2,"Message":"rmdir(\/home\/matcwhyg\/public_html\/wp-content\/cache\/object\/5fc\/299): No such file or directory","File":"\/home\/matcwhyg\/public_html\/wp-content\/plugins\/w3-total-cache\/Util_File.php","Line":159}

Jul 18 2024 04:08:20
{"Number":2,"Message":"rmdir(\/home\/matcwhyg\/public_html\/wp-content\/cache\/object\/5fc): No such file or directory","File":"\/home\/matcwhyg\/public_html\/wp-content\/plugins\/w3-total-cache\/Util_File.php","Line":159}

Jul 18 2024 04:08:20
{"Number":2,"Message":"unlink(\/home\/matcwhyg\/public_html\/wp-content\/cache\/object\/d5b): No such file or directory","File":"\/home\/matcwhyg\/public_html\/wp-content\/plugins\/w3-total-cache\/Util_File.php","Line":152}

Jul 18 2024 04:08:20
{"Number":2,"Message":"unlink(\/home\/matcwhyg\/public_html\/wp-content\/cache\/object\/809): No such file or directory","File":"\/home\/matcwhyg\/public_html\/wp-content\/plugins\/w3-total-cache\/Util_File.php","Line":152}

Jul 18 2024 04:08:20
{"Number":2,"Message":"unlink(\/home\/matcwhyg\/public_html\/wp-content\/cache\/object\/eaa): No such file or directory","File":"\/home\/matcwhyg\/public_html\/wp-content\/plugins\/w3-total-cache\/Util_File.php","Line":152}

Jul 18 2024 04:08:20
{"Number":2,"Message":"unlink(\/home\/matcwhyg\/public_html\/wp-content\/cache\/object\/524): No such file or directory","File":"\/home\/matcwhyg\/public_html\/wp-content\/plugins\/w3-total-cache\/Util_File.php","Line":152}

Jul 18 2024 04:08:20
{"Number":2,"Message":"unlink(\/home\/matcwhyg\/public_html\/wp-content\/cache\/object\/691): No such file or directory","File":"\/home\/matcwhyg\/public_html\/wp-content\/plugins\/w3-total-cache\/Util_File.php","Line":152}

Jul 18 2024 04:08:20
{"Number":2,"Message":"unlink(\/home\/matcwhyg\/public_html\/wp-content\/cache\/object\/a5a): No such file or directory","File":"\/home\/matcwhyg\/public_html\/wp-content\/plugins\/w3-total-cache\/Util_File.php","Line":152}

Jul 18 2024 04:08:20
{"Number":2,"Message":"unlink(\/home\/matcwhyg\/public_html\/wp-content\/cache\/object\/203): No such file or directory","File":"\/home\/matcwhyg\/public_html\/wp-content\/plugins\/w3-total-cache\/Util_File.php","Line":152}

Jul 18 2024 04:08:20
{"Number":2,"Message":"unlink(\/home\/matcwhyg\/public_html\/wp-content\/cache\/object\/01c): No such file or directory","File":"\/home\/matcwhyg\/public_html\/wp-content\/plugins\/w3-total-cache\/Util_File.php","Line":152}

Jul 18 2024 04:08:20
{"Number":2,"Message":"unlink(\/home\/matcwhyg\/public_html\/wp-content\/cache\/object\/f12): No such file or directory","File":"\/home\/matcwhyg\/public_html\/wp-content\/plugins\/w3-total-cache\/Util_File.php","Line":152}

Jul 18 2024 04:08:20
{"Number":2,"Message":"unlink(\/home\/matcwhyg\/public_html\/wp-content\/cache\/object\/652): No such file or directory","File":"\/home\/matcwhyg\/public_html\/wp-content\/plugins\/w3-total-cache\/Util_File.php","Line":152}

Jul 18 2024 04:08:20
{"Number":2,"Message":"unlink(\/home\/matcwhyg\/public_html\/wp-content\/cache\/object\/bbd): No such file or directory","File":"\/home\/matcwhyg\/public_html\/wp-content\/plugins\/w3-total-cache\/Util_File.php","Line":152}

Jul 18 2024 04:08:20
{"Number":2,"Message":"unlink(\/home\/matcwhyg\/public_html\/wp-content\/cache\/object\/32b): No such file or directory","File":"\/home\/matcwhyg\/public_html\/wp-content\/plugins\/w3-total-cache\/Util_File.php","Line":152}

Jul 18 2024 04:08:20
{"Number":2,"Message":"unlink(\/home\/matcwhyg\/public_html\/wp-content\/cache\/object\/f49): No such file or directory","File":"\/home\/matcwhyg\/public_html\/wp-content\/plugins\/w3-total-cache\/Util_File.php","Line":152}

Jul 18 2024 04:08:20
{"Number":2,"Message":"unlink(\/home\/matcwhyg\/public_html\/wp-content\/cache\/object\/aa2): No such file or directory","File":"\/home\/matcwhyg\/public_html\/wp-content\/plugins\/w3-total-cache\/Util_File.php","Line":152}

Jul 18 2024 04:08:20
{"Number":2,"Message":"unlink(\/home\/matcwhyg\/public_html\/wp-content\/cache\/object\/649): No such file or directory","File":"\/home\/matcwhyg\/public_html\/wp-content\/plugins\/w3-total-cache\/Util_File.php","Line":152}

Jul 18 2024 04:08:20
{"Number":2,"Message":"unlink(\/home\/matcwhyg\/public_html\/wp-content\/cache\/object\/ce8): No such file or directory","File":"\/home\/matcwhyg\/public_html\/wp-content\/plugins\/w3-total-cache\/Util_File.php","Line":152}

Jul 18 2024 04:08:20
{"Number":2,"Message":"unlink(\/home\/matcwhyg\/public_html\/wp-content\/cache\/object\/56b): No such file or directory","File":"\/home\/matcwhyg\/public_html\/wp-content\/plugins\/w3-total-cache\/Util_File.php","Line":152}

Jul 18 2024 04:08:20
{"Number":2,"Message":"unlink(\/home\/matcwhyg\/public_html\/wp-content\/cache\/object\/ffc): No such file or directory","File":"\/home\/matcwhyg\/public_html\/wp-content\/plugins\/w3-total-cache\/Util_File.php","Line":152}

Jul 18 2024 04:08:20
{"Number":2,"Message":"unlink(\/home\/matcwhyg\/public_html\/wp-content\/cache\/object\/e77): No such file or directory","File":"\/home\/matcwhyg\/public_html\/wp-content\/plugins\/w3-total-cache\/Util_File.php","Line":152}

Jul 18 2024 04:08:20
{"Number":2,"Message":"unlink(\/home\/matcwhyg\/public_html\/wp-content\/cache\/object\/25a): No such file or directory","File":"\/home\/matcwhyg\/public_html\/wp-content\/plugins\/w3-total-cache\/Util_File.php","Line":152}

Jul 18 2024 04:08:20
{"Number":2,"Message":"unlink(\/home\/matcwhyg\/public_html\/wp-content\/cache\/object\/66d): No such file or directory","File":"\/home\/matcwhyg\/public_html\/wp-content\/plugins\/w3-total-cache\/Util_File.php","Line":152}

Jul 18 2024 04:08:20
{"Number":2,"Message":"unlink(\/home\/matcwhyg\/public_html\/wp-content\/cache\/object\/2d3): No such file or directory","File":"\/home\/matcwhyg\/public_html\/wp-content\/plugins\/w3-total-cache\/Util_File.php","Line":152}

Jul 18 2024 04:08:20
{"Number":2,"Message":"unlink(\/home\/matcwhyg\/public_html\/wp-content\/cache\/object\/1e6): No such file or directory","File":"\/home\/matcwhyg\/public_html\/wp-content\/plugins\/w3-total-cache\/Util_File.php","Line":152}

Jul 18 2024 04:08:20
{"Number":2,"Message":"unlink(\/home\/matcwhyg\/public_html\/wp-content\/cache\/object\/ff3): No such file or directory","File":"\/home\/matcwhyg\/public_html\/wp-content\/plugins\/w3-total-cache\/Util_File.php","Line":152}

Jul 18 2024 04:08:21
{"Number":2,"Message":"unlink(\/home\/matcwhyg\/public_html\/wp-content\/cache\/object\/243): No such file or directory","File":"\/home\/matcwhyg\/public_html\/wp-content\/plugins\/w3-total-cache\/Util_File.php","Line":152}

Jul 18 2024 04:08:21
{"Number":2,"Message":"unlink(\/home\/matcwhyg\/public_html\/wp-content\/cache\/object\/2e0): No such file or directory","File":"\/home\/matcwhyg\/public_html\/wp-content\/plugins\/w3-total-cache\/Util_File.php","Line":152}

Jul 18 2024 04:08:21
{"Number":2,"Message":"unlink(\/home\/matcwhyg\/public_html\/wp-content\/cache\/object\/9c3): No such file or directory","File":"\/home\/matcwhyg\/public_html\/wp-content\/plugins\/w3-total-cache\/Util_File.php","Line":152}

Jul 18 2024 04:08:21
{"Number":2,"Message":"unlink(\/home\/matcwhyg\/public_html\/wp-content\/cache\/object\/d3d): No such file or directory","File":"\/home\/matcwhyg\/public_html\/wp-content\/plugins\/w3-total-cache\/Util_File.php","Line":152}

Jul 18 2024 04:08:21
{"Number":2,"Message":"unlink(\/home\/matcwhyg\/public_html\/wp-content\/cache\/object\/9d1): No such file or directory","File":"\/home\/matcwhyg\/public_html\/wp-content\/plugins\/w3-total-cache\/Util_File.php","Line":152}

Jul 18 2024 04:08:21
{"Number":2,"Message":"unlink(\/home\/matcwhyg\/public_html\/wp-content\/cache\/object\/835): No such file or directory","File":"\/home\/matcwhyg\/public_html\/wp-content\/plugins\/w3-total-cache\/Util_File.php","Line":152}

Jul 18 2024 04:08:21
{"Number":2,"Message":"unlink(\/home\/matcwhyg\/public_html\/wp-content\/cache\/object\/e3d): No such file or directory","File":"\/home\/matcwhyg\/public_html\/wp-content\/plugins\/w3-total-cache\/Util_File.php","Line":152}

Jul 18 2024 04:08:21
{"Number":2,"Message":"unlink(\/home\/matcwhyg\/public_html\/wp-content\/cache\/object\/e1f): No such file or directory","File":"\/home\/matcwhyg\/public_html\/wp-content\/plugins\/w3-total-cache\/Util_File.php","Line":152}

Jul 18 2024 04:08:21
{"Number":2,"Message":"unlink(\/home\/matcwhyg\/public_html\/wp-content\/cache\/object\/94f): No such file or directory","File":"\/home\/matcwhyg\/public_html\/wp-content\/plugins\/w3-total-cache\/Util_File.php","Line":152}

Jul 18 2024 04:08:21
{"Number":2,"Message":"unlink(\/home\/matcwhyg\/public_html\/wp-content\/cache\/object\/aeb): No such file or directory","File":"\/home\/matcwhyg\/public_html\/wp-content\/plugins\/w3-total-cache\/Util_File.php","Line":152}

Jul 18 2024 04:08:21
{"Number":2,"Message":"unlink(\/home\/matcwhyg\/public_html\/wp-content\/cache\/object\/5f7): No such file or directory","File":"\/home\/matcwhyg\/public_html\/wp-content\/plugins\/w3-total-cache\/Util_File.php","Line":152}

Jul 18 2024 04:08:21
{"Number":2,"Message":"unlink(\/home\/matcwhyg\/public_html\/wp-content\/cache\/object\/ae3): No such file or directory","File":"\/home\/matcwhyg\/public_html\/wp-content\/plugins\/w3-total-cache\/Util_File.php","Line":152}

Jul 18 2024 04:08:21
{"Number":2,"Message":"unlink(\/home\/matcwhyg\/public_html\/wp-content\/cache\/object\/e03): No such file or directory","File":"\/home\/matcwhyg\/public_html\/wp-content\/plugins\/w3-total-cache\/Util_File.php","Line":152}

Jul 18 2024 04:08:21
{"Number":2,"Message":"unlink(\/home\/matcwhyg\/public_html\/wp-content\/cache\/object\/2e3): No such file or directory","File":"\/home\/matcwhyg\/public_html\/wp-content\/plugins\/w3-total-cache\/Util_File.php","Line":152}

Jul 18 2024 04:08:21
{"Number":2,"Message":"unlink(\/home\/matcwhyg\/public_html\/wp-content\/cache\/object\/4a7): No such file or directory","File":"\/home\/matcwhyg\/public_html\/wp-content\/plugins\/w3-total-cache\/Util_File.php","Line":152}

Jul 18 2024 04:08:21
{"Number":2,"Message":"unlink(\/home\/matcwhyg\/public_html\/wp-content\/cache\/object\/188): No such file or directory","File":"\/home\/matcwhyg\/public_html\/wp-content\/plugins\/w3-total-cache\/Util_File.php","Line":152}

Jul 18 2024 04:08:21
{"Number":2,"Message":"unlink(\/home\/matcwhyg\/public_html\/wp-content\/cache\/object\/759): No such file or directory","File":"\/home\/matcwhyg\/public_html\/wp-content\/plugins\/w3-total-cache\/Util_File.php","Line":152}

Jul 18 2024 04:08:21
{"Number":2,"Message":"unlink(\/home\/matcwhyg\/public_html\/wp-content\/cache\/object\/fb1): No such file or directory","File":"\/home\/matcwhyg\/public_html\/wp-content\/plugins\/w3-total-cache\/Util_File.php","Line":152}

Jul 18 2024 04:08:22
{"Number":2,"Message":"rmdir(\/home\/matcwhyg\/public_html\/wp-content\/cache\/object\/439\/190): No such file or directory","File":"\/home\/matcwhyg\/public_html\/wp-content\/plugins\/w3-total-cache\/Util_File.php","Line":159}

Jul 18 2024 04:08:22
{"Number":2,"Message":"rmdir(\/home\/matcwhyg\/public_html\/wp-content\/cache\/object\/439): No such file or directory","File":"\/home\/matcwhyg\/public_html\/wp-content\/plugins\/w3-total-cache\/Util_File.php","Line":159}

Jul 18 2024 04:08:22
{"Number":2,"Message":"rmdir(\/home\/matcwhyg\/public_html\/wp-content\/cache\/object\/ac9): No such file or directory","File":"\/home\/matcwhyg\/public_html\/wp-content\/plugins\/w3-total-cache\/Util_File.php","Line":159}

Jul 18 2024 04:08:22
{"Number":2,"Message":"opendir(\/home\/matcwhyg\/public_html\/wp-content\/cache\/object\/84a\/26f): Failed to open directory: No such file or directory","File":"\/home\/matcwhyg\/public_html\/wp-content\/plugins\/w3-total-cache\/Util_File.php","Line":133}

Jul 18 2024 04:08:22
{"Number":2,"Message":"rmdir(\/home\/matcwhyg\/public_html\/wp-content\/cache\/object\/84a): No such file or directory","File":"\/home\/matcwhyg\/public_html\/wp-content\/plugins\/w3-total-cache\/Util_File.php","Line":159}

Jul 18 2024 04:08:22
{"Number":2,"Message":"rmdir(\/home\/matcwhyg\/public_html\/wp-content\/cache\/object\/b6d\/dd4): No such file or directory","File":"\/home\/matcwhyg\/public_html\/wp-content\/plugins\/w3-total-cache\/Util_File.php","Line":159}

Jul 18 2024 04:08:22
{"Number":2,"Message":"rmdir(\/home\/matcwhyg\/public_html\/wp-content\/cache\/object\/b6d): No such file or directory","File":"\/home\/matcwhyg\/public_html\/wp-content\/plugins\/w3-total-cache\/Util_File.php","Line":159}

Jul 18 2024 04:08:22
{"Number":2,"Message":"unlink(\/home\/matcwhyg\/public_html\/wp-content\/cache\/object\/8ee): No such file or directory","File":"\/home\/matcwhyg\/public_html\/wp-content\/plugins\/w3-total-cache\/Util_File.php","Line":152}

Jul 18 2024 04:08:23
{"Number":2,"Message":"rmdir(\/home\/matcwhyg\/public_html\/wp-content\/cache\/object\/b90): No such file or directory","File":"\/home\/matcwhyg\/public_html\/wp-content\/plugins\/w3-total-cache\/Util_File.php","Line":159}

Jul 18 2024 04:08:23
{"Number":2,"Message":"unlink(\/home\/matcwhyg\/public_html\/wp-content\/cache\/object\/072): No such file or directory","File":"\/home\/matcwhyg\/public_html\/wp-content\/plugins\/w3-total-cache\/Util_File.php","Line":152}

Jul 18 2024 04:08:23
{"Number":2,"Message":"unlink(\/home\/matcwhyg\/public_html\/wp-content\/cache\/object\/af7): No such file or directory","File":"\/home\/matcwhyg\/public_html\/wp-content\/plugins\/w3-total-cache\/Util_File.php","Line":152}

Jul 18 2024 04:08:23
{"Number":2,"Message":"unlink(\/home\/matcwhyg\/public_html\/wp-content\/cache\/object\/9d4): No such file or directory","File":"\/home\/matcwhyg\/public_html\/wp-content\/plugins\/w3-total-cache\/Util_File.php","Line":152}

Jul 18 2024 04:08:24
{"Number":2,"Message":"unlink(\/home\/matcwhyg\/public_html\/wp-content\/cache\/object\/29a): No such file or directory","File":"\/home\/matcwhyg\/public_html\/wp-content\/plugins\/w3-total-cache\/Util_File.php","Line":152}

Jul 18 2024 04:08:24
{"Number":2,"Message":"unlink(\/home\/matcwhyg\/public_html\/wp-content\/cache\/object\/20d): No such file or directory","File":"\/home\/matcwhyg\/public_html\/wp-content\/plugins\/w3-total-cache\/Util_File.php","Line":152}

Jul 18 2024 04:08:24
{"Number":2,"Message":"unlink(\/home\/matcwhyg\/public_html\/wp-content\/cache\/object\/846): No such file or directory","File":"\/home\/matcwhyg\/public_html\/wp-content\/plugins\/w3-total-cache\/Util_File.php","Line":152}

Jul 18 2024 04:08:24
{"Number":2,"Message":"unlink(\/home\/matcwhyg\/public_html\/wp-content\/cache\/object\/7bd): No such file or directory","File":"\/home\/matcwhyg\/public_html\/wp-content\/plugins\/w3-total-cache\/Util_File.php","Line":152}

Jul 18 2024 04:08:24
{"Number":2,"Message":"unlink(\/home\/matcwhyg\/public_html\/wp-content\/cache\/object\/ddc): No such file or directory","File":"\/home\/matcwhyg\/public_html\/wp-content\/plugins\/w3-total-cache\/Util_File.php","Line":152}

Jul 18 2024 04:08:24
{"Number":2,"Message":"unlink(\/home\/matcwhyg\/public_html\/wp-content\/cache\/object\/c55): No such file or directory","File":"\/home\/matcwhyg\/public_html\/wp-content\/plugins\/w3-total-cache\/Util_File.php","Line":152}

Jul 18 2024 04:08:24
{"Number":2,"Message":"unlink(\/home\/matcwhyg\/public_html\/wp-content\/cache\/object\/f23): No such file or directory","File":"\/home\/matcwhyg\/public_html\/wp-content\/plugins\/w3-total-cache\/Util_File.php","Line":152}

Jul 18 2024 04:08:24
{"Number":2,"Message":"unlink(\/home\/matcwhyg\/public_html\/wp-content\/cache\/object\/d23): No such file or directory","File":"\/home\/matcwhyg\/public_html\/wp-content\/plugins\/w3-total-cache\/Util_File.php","Line":152}

Jul 18 2024 04:08:24
{"Number":2,"Message":"unlink(\/home\/matcwhyg\/public_html\/wp-content\/cache\/object\/069): No such file or directory","File":"\/home\/matcwhyg\/public_html\/wp-content\/plugins\/w3-total-cache\/Util_File.php","Line":152}

Jul 18 2024 04:08:24
{"Number":2,"Message":"unlink(\/home\/matcwhyg\/public_html\/wp-content\/cache\/object\/de9): No such file or directory","File":"\/home\/matcwhyg\/public_html\/wp-content\/plugins\/w3-total-cache\/Util_File.php","Line":152}

Jul 18 2024 04:08:24
{"Number":2,"Message":"unlink(\/home\/matcwhyg\/public_html\/wp-content\/cache\/object\/219): No such file or directory","File":"\/home\/matcwhyg\/public_html\/wp-content\/plugins\/w3-total-cache\/Util_File.php","Line":152}

Jul 18 2024 04:08:24
{"Number":2,"Message":"unlink(\/home\/matcwhyg\/public_html\/wp-content\/cache\/object\/14c): No such file or directory","File":"\/home\/matcwhyg\/public_html\/wp-content\/plugins\/w3-total-cache\/Util_File.php","Line":152}

Jul 18 2024 04:08:24
{"Number":2,"Message":"unlink(\/home\/matcwhyg\/public_html\/wp-content\/cache\/object\/842): No such file or directory","File":"\/home\/matcwhyg\/public_html\/wp-content\/plugins\/w3-total-cache\/Util_File.php","Line":152}

Jul 18 2024 04:08:24
{"Number":2,"Message":"unlink(\/home\/matcwhyg\/public_html\/wp-content\/cache\/object\/fcf): No such file or directory","File":"\/home\/matcwhyg\/public_html\/wp-content\/plugins\/w3-total-cache\/Util_File.php","Line":152}

Jul 18 2024 04:08:24
{"Number":2,"Message":"unlink(\/home\/matcwhyg\/public_html\/wp-content\/cache\/object\/f46): No such file or directory","File":"\/home\/matcwhyg\/public_html\/wp-content\/plugins\/w3-total-cache\/Util_File.php","Line":152}

Jul 18 2024 04:08:24
{"Number":2,"Message":"unlink(\/home\/matcwhyg\/public_html\/wp-content\/cache\/object\/20c): No such file or directory","File":"\/home\/matcwhyg\/public_html\/wp-content\/plugins\/w3-total-cache\/Util_File.php","Line":152}

Jul 18 2024 04:08:24
{"Number":2,"Message":"unlink(\/home\/matcwhyg\/public_html\/wp-content\/cache\/object\/ba8): No such file or directory","File":"\/home\/matcwhyg\/public_html\/wp-content\/plugins\/w3-total-cache\/Util_File.php","Line":152}

Jul 18 2024 04:08:24
{"Number":2,"Message":"unlink(\/home\/matcwhyg\/public_html\/wp-content\/cache\/object\/cae): No such file or directory","File":"\/home\/matcwhyg\/public_html\/wp-content\/plugins\/w3-total-cache\/Util_File.php","Line":152}

Jul 18 2024 04:08:24
{"Number":2,"Message":"unlink(\/home\/matcwhyg\/public_html\/wp-content\/cache\/object\/a0a): No such file or directory","File":"\/home\/matcwhyg\/public_html\/wp-content\/plugins\/w3-total-cache\/Util_File.php","Line":152}

Jul 18 2024 04:08:24
{"Number":2,"Message":"unlink(\/home\/matcwhyg\/public_html\/wp-content\/cache\/object\/c03): No such file or directory","File":"\/home\/matcwhyg\/public_html\/wp-content\/plugins\/w3-total-cache\/Util_File.php","Line":152}

Jul 18 2024 04:08:24
{"Number":2,"Message":"unlink(\/home\/matcwhyg\/public_html\/wp-content\/cache\/object\/07c): No such file or directory","File":"\/home\/matcwhyg\/public_html\/wp-content\/plugins\/w3-total-cache\/Util_File.php","Line":152}

Jul 18 2024 04:08:24
{"Number":2,"Message":"unlink(\/home\/matcwhyg\/public_html\/wp-content\/cache\/object\/ef3): No such file or directory","File":"\/home\/matcwhyg\/public_html\/wp-content\/plugins\/w3-total-cache\/Util_File.php","Line":152}

Jul 18 2024 04:08:24
{"Number":2,"Message":"unlink(\/home\/matcwhyg\/public_html\/wp-content\/cache\/object\/8cb): No such file or directory","File":"\/home\/matcwhyg\/public_html\/wp-content\/plugins\/w3-total-cache\/Util_File.php","Line":152}

Jul 18 2024 04:08:24
{"Number":2,"Message":"unlink(\/home\/matcwhyg\/public_html\/wp-content\/cache\/object\/30c): No such file or directory","File":"\/home\/matcwhyg\/public_html\/wp-content\/plugins\/w3-total-cache\/Util_File.php","Line":152}

Jul 18 2024 04:08:24
{"Number":2,"Message":"unlink(\/home\/matcwhyg\/public_html\/wp-content\/cache\/object\/e3a): No such file or directory","File":"\/home\/matcwhyg\/public_html\/wp-content\/plugins\/w3-total-cache\/Util_File.php","Line":152}

Jul 18 2024 04:08:24
{"Number":2,"Message":"unlink(\/home\/matcwhyg\/public_html\/wp-content\/cache\/object\/e7d): No such file or directory","File":"\/home\/matcwhyg\/public_html\/wp-content\/plugins\/w3-total-cache\/Util_File.php","Line":152}

Jul 18 2024 04:08:24
{"Number":2,"Message":"unlink(\/home\/matcwhyg\/public_html\/wp-content\/cache\/object\/507): No such file or directory","File":"\/home\/matcwhyg\/public_html\/wp-content\/plugins\/w3-total-cache\/Util_File.php","Line":152}

Jul 18 2024 04:08:24
{"Number":2,"Message":"unlink(\/home\/matcwhyg\/public_html\/wp-content\/cache\/object\/ba4): No such file or directory","File":"\/home\/matcwhyg\/public_html\/wp-content\/plugins\/w3-total-cache\/Util_File.php","Line":152}

Jul 18 2024 04:08:24
{"Number":2,"Message":"unlink(\/home\/matcwhyg\/public_html\/wp-content\/cache\/object\/9cc): No such file or directory","File":"\/home\/matcwhyg\/public_html\/wp-content\/plugins\/w3-total-cache\/Util_File.php","Line":152}

Jul 18 2024 04:08:24
{"Number":2,"Message":"unlink(\/home\/matcwhyg\/public_html\/wp-content\/cache\/object\/343): No such file or directory","File":"\/home\/matcwhyg\/public_html\/wp-content\/plugins\/w3-total-cache\/Util_File.php","Line":152}

Jul 18 2024 04:08:24
{"Number":2,"Message":"unlink(\/home\/matcwhyg\/public_html\/wp-content\/cache\/object\/7eb): No such file or directory","File":"\/home\/matcwhyg\/public_html\/wp-content\/plugins\/w3-total-cache\/Util_File.php","Line":152}

Jul 18 2024 04:08:24
{"Number":2,"Message":"unlink(\/home\/matcwhyg\/public_html\/wp-content\/cache\/object\/4aa): No such file or directory","File":"\/home\/matcwhyg\/public_html\/wp-content\/plugins\/w3-total-cache\/Util_File.php","Line":152}

Jul 18 2024 04:08:24
{"Number":2,"Message":"unlink(\/home\/matcwhyg\/public_html\/wp-content\/cache\/object\/e80): No such file or directory","File":"\/home\/matcwhyg\/public_html\/wp-content\/plugins\/w3-total-cache\/Util_File.php","Line":152}

Jul 18 2024 04:08:24
{"Number":2,"Message":"unlink(\/home\/matcwhyg\/public_html\/wp-content\/cache\/object\/845): No such file or directory","File":"\/home\/matcwhyg\/public_html\/wp-content\/plugins\/w3-total-cache\/Util_File.php","Line":152}

Jul 18 2024 04:08:24
{"Number":2,"Message":"unlink(\/home\/matcwhyg\/public_html\/wp-content\/cache\/object\/464): No such file or directory","File":"\/home\/matcwhyg\/public_html\/wp-content\/plugins\/w3-total-cache\/Util_File.php","Line":152}

Jul 18 2024 04:08:24
{"Number":2,"Message":"unlink(\/home\/matcwhyg\/public_html\/wp-content\/cache\/object\/cc6): No such file or directory","File":"\/home\/matcwhyg\/public_html\/wp-content\/plugins\/w3-total-cache\/Util_File.php","Line":152}

Jul 18 2024 04:08:24
{"Number":2,"Message":"unlink(\/home\/matcwhyg\/public_html\/wp-content\/cache\/object\/cf3): No such file or directory","File":"\/home\/matcwhyg\/public_html\/wp-content\/plugins\/w3-total-cache\/Util_File.php","Line":152}

Jul 18 2024 04:08:24
{"Number":2,"Message":"unlink(\/home\/matcwhyg\/public_html\/wp-content\/cache\/object\/1da): No such file or directory","File":"\/home\/matcwhyg\/public_html\/wp-content\/plugins\/w3-total-cache\/Util_File.php","Line":152}

Jul 18 2024 04:08:24
{"Number":2,"Message":"unlink(\/home\/matcwhyg\/public_html\/wp-content\/cache\/object\/0b2): No such file or directory","File":"\/home\/matcwhyg\/public_html\/wp-content\/plugins\/w3-total-cache\/Util_File.php","Line":152}

Jul 18 2024 04:08:24
{"Number":2,"Message":"unlink(\/home\/matcwhyg\/public_html\/wp-content\/cache\/object\/e5b): No such file or directory","File":"\/home\/matcwhyg\/public_html\/wp-content\/plugins\/w3-total-cache\/Util_File.php","Line":152}

Jul 18 2024 04:08:24
{"Number":2,"Message":"unlink(\/home\/matcwhyg\/public_html\/wp-content\/cache\/object\/bd0): No such file or directory","File":"\/home\/matcwhyg\/public_html\/wp-content\/plugins\/w3-total-cache\/Util_File.php","Line":152}

Jul 18 2024 04:08:24
{"Number":2,"Message":"unlink(\/home\/matcwhyg\/public_html\/wp-content\/cache\/object\/92b): No such file or directory","File":"\/home\/matcwhyg\/public_html\/wp-content\/plugins\/w3-total-cache\/Util_File.php","Line":152}

Jul 18 2024 04:08:24
{"Number":2,"Message":"unlink(\/home\/matcwhyg\/public_html\/wp-content\/cache\/object\/7bf): No such file or directory","File":"\/home\/matcwhyg\/public_html\/wp-content\/plugins\/w3-total-cache\/Util_File.php","Line":152}

Jul 18 2024 04:08:24
{"Number":2,"Message":"unlink(\/home\/matcwhyg\/public_html\/wp-content\/cache\/object\/458): No such file or directory","File":"\/home\/matcwhyg\/public_html\/wp-content\/plugins\/w3-total-cache\/Util_File.php","Line":152}

Jul 18 2024 04:08:24
{"Number":2,"Message":"unlink(\/home\/matcwhyg\/public_html\/wp-content\/cache\/object\/e0e): No such file or directory","File":"\/home\/matcwhyg\/public_html\/wp-content\/plugins\/w3-total-cache\/Util_File.php","Line":152}

Jul 18 2024 04:08:24
{"Number":2,"Message":"unlink(\/home\/matcwhyg\/public_html\/wp-content\/cache\/object\/4ca): No such file or directory","File":"\/home\/matcwhyg\/public_html\/wp-content\/plugins\/w3-total-cache\/Util_File.php","Line":152}

Jul 18 2024 04:08:24
{"Number":2,"Message":"unlink(\/home\/matcwhyg\/public_html\/wp-content\/cache\/object\/2ca): No such file or directory","File":"\/home\/matcwhyg\/public_html\/wp-content\/plugins\/w3-total-cache\/Util_File.php","Line":152}

Jul 18 2024 04:08:24
{"Number":2,"Message":"unlink(\/home\/matcwhyg\/public_html\/wp-content\/cache\/object\/8fb): No such file or directory","File":"\/home\/matcwhyg\/public_html\/wp-content\/plugins\/w3-total-cache\/Util_File.php","Line":152}

Jul 18 2024 04:08:25
{"Number":2,"Message":"rmdir(\/home\/matcwhyg\/public_html\/wp-content\/cache\/object\/b33\/e37): No such file or directory","File":"\/home\/matcwhyg\/public_html\/wp-content\/plugins\/w3-total-cache\/Util_File.php","Line":159}

Jul 18 2024 04:08:25
{"Number":2,"Message":"rmdir(\/home\/matcwhyg\/public_html\/wp-content\/cache\/object\/b33): No such file or directory","File":"\/home\/matcwhyg\/public_html\/wp-content\/plugins\/w3-total-cache\/Util_File.php","Line":159}

Jul 18 2024 04:08:25
{"Number":2,"Message":"unlink(\/home\/matcwhyg\/public_html\/wp-content\/cache\/object\/460): No such file or directory","File":"\/home\/matcwhyg\/public_html\/wp-content\/plugins\/w3-total-cache\/Util_File.php","Line":152}

Jul 18 2024 04:08:25
{"Number":2,"Message":"rmdir(\/home\/matcwhyg\/public_html\/wp-content\/cache\/object\/882): No such file or directory","File":"\/home\/matcwhyg\/public_html\/wp-content\/plugins\/w3-total-cache\/Util_File.php","Line":159}

Jul 18 2024 04:08:25
{"Number":2,"Message":"rmdir(\/home\/matcwhyg\/public_html\/wp-content\/cache\/object\/b1e\/05b): No such file or directory","File":"\/home\/matcwhyg\/public_html\/wp-content\/plugins\/w3-total-cache\/Util_File.php","Line":159}

Jul 18 2024 04:08:25
{"Number":2,"Message":"rmdir(\/home\/matcwhyg\/public_html\/wp-content\/cache\/object\/b1e): No such file or directory","File":"\/home\/matcwhyg\/public_html\/wp-content\/plugins\/w3-total-cache\/Util_File.php","Line":159}

Jul 18 2024 04:08:25
{"Number":2,"Message":"unlink(\/home\/matcwhyg\/public_html\/wp-content\/cache\/object\/55c): No such file or directory","File":"\/home\/matcwhyg\/public_html\/wp-content\/plugins\/w3-total-cache\/Util_File.php","Line":152}

Jul 18 2024 04:08:25
{"Number":2,"Message":"rmdir(\/home\/matcwhyg\/public_html\/wp-content\/cache\/object\/e19\/95f): No such file or directory","File":"\/home\/matcwhyg\/public_html\/wp-content\/plugins\/w3-total-cache\/Util_File.php","Line":159}

Jul 18 2024 04:08:25
{"Number":2,"Message":"rmdir(\/home\/matcwhyg\/public_html\/wp-content\/cache\/object\/e19): No such file or directory","File":"\/home\/matcwhyg\/public_html\/wp-content\/plugins\/w3-total-cache\/Util_File.php","Line":159}

Jul 18 2024 04:08:25
{"Number":2,"Message":"unlink(\/home\/matcwhyg\/public_html\/wp-content\/cache\/object\/b39\/324\/b39324feef162108dca6d95c167a555d.php): No such file or directory","File":"\/home\/matcwhyg\/public_html\/wp-content\/plugins\/w3-total-cache\/Util_File.php","Line":152}

Jul 18 2024 04:08:25
{"Number":2,"Message":"rmdir(\/home\/matcwhyg\/public_html\/wp-content\/cache\/object\/b39\/324): No such file or directory","File":"\/home\/matcwhyg\/public_html\/wp-content\/plugins\/w3-total-cache\/Util_File.php","Line":159}

Jul 18 2024 04:08:25
{"Number":2,"Message":"rmdir(\/home\/matcwhyg\/public_html\/wp-content\/cache\/object\/b39): No such file or directory","File":"\/home\/matcwhyg\/public_html\/wp-content\/plugins\/w3-total-cache\/Util_File.php","Line":159}

Jul 18 2024 04:08:25
{"Number":2,"Message":"rmdir(\/home\/matcwhyg\/public_html\/wp-content\/cache\/object\/d3f): No such file or directory","File":"\/home\/matcwhyg\/public_html\/wp-content\/plugins\/w3-total-cache\/Util_File.php","Line":159}

Jul 18 2024 04:08:25
{"Number":2,"Message":"unlink(\/home\/matcwhyg\/public_html\/wp-content\/cache\/object\/f64): No such file or directory","File":"\/home\/matcwhyg\/public_html\/wp-content\/plugins\/w3-total-cache\/Util_File.php","Line":152}

Jul 18 2024 04:08:26
{"Number":2,"Message":"unlink(\/home\/matcwhyg\/public_html\/wp-content\/cache\/object\/9cd): No such file or directory","File":"\/home\/matcwhyg\/public_html\/wp-content\/plugins\/w3-total-cache\/Util_File.php","Line":152}

Jul 18 2024 04:08:26
{"Number":2,"Message":"unlink(\/home\/matcwhyg\/public_html\/wp-content\/cache\/object\/ff7): No such file or directory","File":"\/home\/matcwhyg\/public_html\/wp-content\/plugins\/w3-total-cache\/Util_File.php","Line":152}

Jul 18 2024 04:08:26
{"Number":2,"Message":"unlink(\/home\/matcwhyg\/public_html\/wp-content\/cache\/object\/165): No such file or directory","File":"\/home\/matcwhyg\/public_html\/wp-content\/plugins\/w3-total-cache\/Util_File.php","Line":152}

Jul 18 2024 04:08:26
{"Number":2,"Message":"unlink(\/home\/matcwhyg\/public_html\/wp-content\/cache\/object\/2c5): No such file or directory","File":"\/home\/matcwhyg\/public_html\/wp-content\/plugins\/w3-total-cache\/Util_File.php","Line":152}

Jul 18 2024 04:08:26
{"Number":2,"Message":"unlink(\/home\/matcwhyg\/public_html\/wp-content\/cache\/object\/637): No such file or directory","File":"\/home\/matcwhyg\/public_html\/wp-content\/plugins\/w3-total-cache\/Util_File.php","Line":152}

Jul 18 2024 04:08:26
{"Number":2,"Message":"unlink(\/home\/matcwhyg\/public_html\/wp-content\/cache\/object\/7b5): No such file or directory","File":"\/home\/matcwhyg\/public_html\/wp-content\/plugins\/w3-total-cache\/Util_File.php","Line":152}

Jul 18 2024 04:08:26
{"Number":2,"Message":"unlink(\/home\/matcwhyg\/public_html\/wp-content\/cache\/object\/937): No such file or directory","File":"\/home\/matcwhyg\/public_html\/wp-content\/plugins\/w3-total-cache\/Util_File.php","Line":152}

Jul 18 2024 04:08:26
{"Number":2,"Message":"unlink(\/home\/matcwhyg\/public_html\/wp-content\/cache\/object\/c76): No such file or directory","File":"\/home\/matcwhyg\/public_html\/wp-content\/plugins\/w3-total-cache\/Util_File.php","Line":152}

Jul 18 2024 04:08:26
{"Number":2,"Message":"unlink(\/home\/matcwhyg\/public_html\/wp-content\/cache\/object\/d28): No such file or directory","File":"\/home\/matcwhyg\/public_html\/wp-content\/plugins\/w3-total-cache\/Util_File.php","Line":152}

Jul 18 2024 04:08:26
{"Number":2,"Message":"unlink(\/home\/matcwhyg\/public_html\/wp-content\/cache\/object\/8ec): No such file or directory","File":"\/home\/matcwhyg\/public_html\/wp-content\/plugins\/w3-total-cache\/Util_File.php","Line":152}

Jul 18 2024 04:08:26
{"Number":2,"Message":"unlink(\/home\/matcwhyg\/public_html\/wp-content\/cache\/object\/dd3): No such file or directory","File":"\/home\/matcwhyg\/public_html\/wp-content\/plugins\/w3-total-cache\/Util_File.php","Line":152}

Jul 18 2024 04:08:26
{"Number":2,"Message":"unlink(\/home\/matcwhyg\/public_html\/wp-content\/cache\/object\/bd5): No such file or directory","File":"\/home\/matcwhyg\/public_html\/wp-content\/plugins\/w3-total-cache\/Util_File.php","Line":152}

Jul 18 2024 04:08:26
{"Number":2,"Message":"unlink(\/home\/matcwhyg\/public_html\/wp-content\/cache\/object\/0ac): No such file or directory","File":"\/home\/matcwhyg\/public_html\/wp-content\/plugins\/w3-total-cache\/Util_File.php","Line":152}

Jul 18 2024 04:08:26
{"Number":2,"Message":"unlink(\/home\/matcwhyg\/public_html\/wp-content\/cache\/object\/6a3): No such file or directory","File":"\/home\/matcwhyg\/public_html\/wp-content\/plugins\/w3-total-cache\/Util_File.php","Line":152}

Jul 18 2024 04:08:26
{"Number":2,"Message":"unlink(\/home\/matcwhyg\/public_html\/wp-content\/cache\/object\/eec): No such file or directory","File":"\/home\/matcwhyg\/public_html\/wp-content\/plugins\/w3-total-cache\/Util_File.php","Line":152}

Jul 18 2024 04:08:26
{"Number":2,"Message":"unlink(\/home\/matcwhyg\/public_html\/wp-content\/cache\/object\/2ee): No such file or directory","File":"\/home\/matcwhyg\/public_html\/wp-content\/plugins\/w3-total-cache\/Util_File.php","Line":152}

Jul 18 2024 04:08:26
{"Number":2,"Message":"unlink(\/home\/matcwhyg\/public_html\/wp-content\/cache\/object\/f12): No such file or directory","File":"\/home\/matcwhyg\/public_html\/wp-content\/plugins\/w3-total-cache\/Util_File.php","Line":152}

Jul 18 2024 04:08:26
{"Number":2,"Message":"unlink(\/home\/matcwhyg\/public_html\/wp-content\/cache\/object\/bbd): No such file or directory","File":"\/home\/matcwhyg\/public_html\/wp-content\/plugins\/w3-total-cache\/Util_File.php","Line":152}

Jul 18 2024 04:08:27
{"Number":2,"Message":"unlink(\/home\/matcwhyg\/public_html\/wp-content\/cache\/object\/2e0): No such file or directory","File":"\/home\/matcwhyg\/public_html\/wp-content\/plugins\/w3-total-cache\/Util_File.php","Line":152}

Jul 18 2024 04:08:27
{"Number":2,"Message":"unlink(\/home\/matcwhyg\/public_html\/wp-content\/cache\/object\/75d): No such file or directory","File":"\/home\/matcwhyg\/public_html\/wp-content\/plugins\/w3-total-cache\/Util_File.php","Line":152}

Jul 18 2024 04:08:27
{"Number":2,"Message":"unlink(\/home\/matcwhyg\/public_html\/wp-content\/cache\/object\/9d1): No such file or directory","File":"\/home\/matcwhyg\/public_html\/wp-content\/plugins\/w3-total-cache\/Util_File.php","Line":152}

Jul 18 2024 04:08:27
{"Number":2,"Message":"unlink(\/home\/matcwhyg\/public_html\/wp-content\/cache\/object\/fcd): No such file or directory","File":"\/home\/matcwhyg\/public_html\/wp-content\/plugins\/w3-total-cache\/Util_File.php","Line":152}

Jul 18 2024 04:08:27
{"type":2,"message":"mkdir(): File exists","file":"\/home\/matcwhyg\/public_html\/wp-content\/plugins\/w3-total-cache\/Util_File.php","line":65}

Jul 18 2024 04:39:15
{"type":2,"message":"mkdir(): File exists","file":"\/home\/matcwhyg\/public_html\/wp-content\/plugins\/w3-total-cache\/Util_File.php","line":65}

